[26-Dec-2017 19:12:20 UTC] PHP Parse error:  syntax error, unexpected '<' in /home/ubuntu/workspace/1.1. Введение в PHP/about.php on line 3
[26-Dec-2017 19:12:20 UTC] PHP Parse error:  syntax error, unexpected '<' in /home/ubuntu/workspace/1.1. Введение в PHP/about.php on line 3
[26-Dec-2017 19:16:14 UTC] PHP Parse error:  syntax error, unexpected '<' in /home/ubuntu/workspace/1.1/about.php on line 3
[26-Dec-2017 19:16:58 UTC] PHP Parse error:  syntax error, unexpected '<' in /home/ubuntu/workspace/1.1/about.php on line 2
[26-Dec-2017 19:17:55 UTC] PHP Parse error:  syntax error, unexpected '<' in /home/ubuntu/workspace/1.1/about.php on line 2
[26-Dec-2017 19:31:49 UTC] PHP Parse error:  syntax error, unexpected '<' in /home/ubuntu/workspace/1.1/about.php on line 3
[26-Dec-2017 19:32:24 UTC] PHP Parse error:  syntax error, unexpected 'utf' (T_STRING) in /home/ubuntu/workspace/1.1/about.php on line 4
[27-Dec-2017 11:42:43 UTC] PHP Parse error:  syntax error, unexpected '"' in /home/ubuntu/workspace/1.2/lesson_1_2.php on line 8
[27-Dec-2017 11:50:31 UTC] PHP Parse error:  syntax error, unexpected '.' in /home/ubuntu/workspace/1.2/lesson_1_2.php on line 18
[27-Dec-2017 12:02:48 UTC] PHP Parse error:  syntax error, unexpected 'ввел' (T_STRING) in /home/ubuntu/workspace/1.2/lesson_1_2.php on line 13
[27-Dec-2017 12:20:19 UTC] PHP Parse error:  syntax error, unexpected '<' in /home/ubuntu/workspace/1.2/lesson_1_2.php on line 3
[28-Dec-2017 13:41:20 UTC] PHP Parse error:  syntax error, unexpected '$animalsContinent' (T_VARIABLE), expecting function (T_FUNCTION) in /home/ubuntu/workspace/1.3/lesson_1_3.php on line 8
[28-Dec-2017 13:41:39 UTC] PHP Parse error:  syntax error, unexpected '$continent' (T_VARIABLE), expecting ']' in /home/ubuntu/workspace/1.3/lesson_1_3.php on line 8
[28-Dec-2017 13:41:47 UTC] PHP Parse error:  syntax error, unexpected '$continent' (T_VARIABLE), expecting ']' in /home/ubuntu/workspace/1.3/lesson_1_3.php on line 8
[28-Dec-2017 13:42:58 UTC] PHP Parse error:  syntax error, unexpected '[', expecting '(' in /home/ubuntu/workspace/1.3/lesson_1_3.php on line 8
[28-Dec-2017 13:43:27 UTC] PHP Parse error:  syntax error, unexpected '$continent' (T_VARIABLE), expecting ')' in /home/ubuntu/workspace/1.3/lesson_1_3.php on line 8
[28-Dec-2017 13:44:58 UTC] PHP Parse error:  syntax error, unexpected '$continent' (T_VARIABLE), expecting ')' in /home/ubuntu/workspace/1.3/lesson_1_3.php on line 8
[28-Dec-2017 13:45:28 UTC] PHP Parse error:  syntax error, unexpected 'var' (T_VAR), expecting ')' in /home/ubuntu/workspace/1.3/lesson_1_3.php on line 8
[28-Dec-2017 13:45:53 UTC] PHP Parse error:  syntax error, unexpected '$animalsContinent' (T_VARIABLE), expecting function (T_FUNCTION) in /home/ubuntu/workspace/1.3/lesson_1_3.php on line 8
[29-Dec-2017 06:20:32 UTC] PHP Parse error:  syntax error, unexpected '.' in /home/ubuntu/workspace/1.3/lesson_1_3.php on line 3
[29-Dec-2017 06:34:48 UTC] PHP Parse error:  syntax error, unexpected end of file in /home/ubuntu/workspace/1.3/lesson_1_3.php on line 54
[29-Dec-2017 07:17:41 UTC] PHP Fatal error:  Cannot unset string offsets in /home/ubuntu/workspace/1.3/lesson_1_3.php on line 56
[29-Dec-2017 07:17:41 UTC] PHP Stack trace:
[29-Dec-2017 07:17:41 UTC] PHP   1. {main}() /home/ubuntu/workspace/1.3/lesson_1_3.php:0
[29-Dec-2017 07:31:29 UTC] PHP Parse error:  syntax error, unexpected '$item' (T_VARIABLE), expecting ')' in /home/ubuntu/workspace/1.3/lesson_1_3.php on line 52
[29-Dec-2017 11:18:46 UTC] PHP Parse error:  syntax error, unexpected '{' in /home/ubuntu/workspace/1.3/lesson_1_3.php on line 55
[29-Dec-2017 11:23:38 UTC] PHP Parse error:  syntax error, unexpected '/' in /home/ubuntu/workspace/1.3/lesson_1_3.php on line 64
[29-Dec-2017 11:37:31 UTC] PHP Parse error:  syntax error, unexpected 'print_r' (T_STRING), expecting ',' or ';' in /home/ubuntu/workspace/1.3/lesson_1_3.php on line 75
[29-Dec-2017 11:38:43 UTC] PHP Fatal error:  Function name must be a string in /home/ubuntu/workspace/1.3/lesson_1_3.php on line 76
[29-Dec-2017 11:38:43 UTC] PHP Stack trace:
[29-Dec-2017 11:38:43 UTC] PHP   1. {main}() /home/ubuntu/workspace/1.3/lesson_1_3.php:0
[29-Dec-2017 11:38:43 UTC] PHP   2. animalsNewArray() /home/ubuntu/workspace/1.3/lesson_1_3.php:82
[29-Dec-2017 17:30:12 UTC] PHP Warning:  array_shift() expects parameter 1 to be array, null given in /home/ubuntu/workspace/1.3/lesson_1_3.php on line 90
[29-Dec-2017 17:30:12 UTC] PHP Stack trace:
[29-Dec-2017 17:30:12 UTC] PHP   1. {main}() /home/ubuntu/workspace/1.3/lesson_1_3.php:0
[29-Dec-2017 17:30:12 UTC] PHP   2. animalsNewArray() /home/ubuntu/workspace/1.3/lesson_1_3.php:107
[29-Dec-2017 17:30:12 UTC] PHP   3. array_shift() /home/ubuntu/workspace/1.3/lesson_1_3.php:90
[29-Dec-2017 17:30:12 UTC] PHP Warning:  array_shift() expects parameter 1 to be array, null given in /home/ubuntu/workspace/1.3/lesson_1_3.php on line 90
[29-Dec-2017 17:30:12 UTC] PHP Stack trace:
[29-Dec-2017 17:30:12 UTC] PHP   1. {main}() /home/ubuntu/workspace/1.3/lesson_1_3.php:0
[29-Dec-2017 17:30:12 UTC] PHP   2. animalsNewArray() /home/ubuntu/workspace/1.3/lesson_1_3.php:107
[29-Dec-2017 17:30:12 UTC] PHP   3. array_shift() /home/ubuntu/workspace/1.3/lesson_1_3.php:90
[29-Dec-2017 17:30:12 UTC] PHP Warning:  array_shift() expects parameter 1 to be array, null given in /home/ubuntu/workspace/1.3/lesson_1_3.php on line 90
[29-Dec-2017 17:30:12 UTC] PHP Stack trace:
[29-Dec-2017 17:30:12 UTC] PHP   1. {main}() /home/ubuntu/workspace/1.3/lesson_1_3.php:0
[29-Dec-2017 17:30:12 UTC] PHP   2. animalsNewArray() /home/ubuntu/workspace/1.3/lesson_1_3.php:107
[29-Dec-2017 17:30:12 UTC] PHP   3. array_shift() /home/ubuntu/workspace/1.3/lesson_1_3.php:90
[29-Dec-2017 17:30:12 UTC] PHP Warning:  array_shift() expects parameter 1 to be array, null given in /home/ubuntu/workspace/1.3/lesson_1_3.php on line 90
[29-Dec-2017 17:30:12 UTC] PHP Stack trace:
[29-Dec-2017 17:30:12 UTC] PHP   1. {main}() /home/ubuntu/workspace/1.3/lesson_1_3.php:0
[29-Dec-2017 17:30:12 UTC] PHP   2. animalsNewArray() /home/ubuntu/workspace/1.3/lesson_1_3.php:107
[29-Dec-2017 17:30:12 UTC] PHP   3. array_shift() /home/ubuntu/workspace/1.3/lesson_1_3.php:90
[29-Dec-2017 17:30:12 UTC] PHP Warning:  array_shift() expects parameter 1 to be array, null given in /home/ubuntu/workspace/1.3/lesson_1_3.php on line 90
[29-Dec-2017 17:30:12 UTC] PHP Stack trace:
[29-Dec-2017 17:30:12 UTC] PHP   1. {main}() /home/ubuntu/workspace/1.3/lesson_1_3.php:0
[29-Dec-2017 17:30:12 UTC] PHP   2. animalsNewArray() /home/ubuntu/workspace/1.3/lesson_1_3.php:107
[29-Dec-2017 17:30:12 UTC] PHP   3. array_shift() /home/ubuntu/workspace/1.3/lesson_1_3.php:90
[29-Dec-2017 17:30:12 UTC] PHP Warning:  array_shift() expects parameter 1 to be array, null given in /home/ubuntu/workspace/1.3/lesson_1_3.php on line 90
[29-Dec-2017 17:30:12 UTC] PHP Stack trace:
[29-Dec-2017 17:30:12 UTC] PHP   1. {main}() /home/ubuntu/workspace/1.3/lesson_1_3.php:0
[29-Dec-2017 17:30:12 UTC] PHP   2. animalsNewArray() /home/ubuntu/workspace/1.3/lesson_1_3.php:107
[29-Dec-2017 17:30:12 UTC] PHP   3. array_shift() /home/ubuntu/workspace/1.3/lesson_1_3.php:90
[29-Dec-2017 17:30:12 UTC] PHP Warning:  array_shift() expects parameter 1 to be array, null given in /home/ubuntu/workspace/1.3/lesson_1_3.php on line 90
[29-Dec-2017 17:30:12 UTC] PHP Stack trace:
[29-Dec-2017 17:30:12 UTC] PHP   1. {main}() /home/ubuntu/workspace/1.3/lesson_1_3.php:0
[29-Dec-2017 17:30:12 UTC] PHP   2. animalsNewArray() /home/ubuntu/workspace/1.3/lesson_1_3.php:107
[29-Dec-2017 17:30:12 UTC] PHP   3. array_shift() /home/ubuntu/workspace/1.3/lesson_1_3.php:90
[29-Dec-2017 17:30:12 UTC] PHP Warning:  array_shift() expects parameter 1 to be array, null given in /home/ubuntu/workspace/1.3/lesson_1_3.php on line 90
[29-Dec-2017 17:30:12 UTC] PHP Stack trace:
[29-Dec-2017 17:30:12 UTC] PHP   1. {main}() /home/ubuntu/workspace/1.3/lesson_1_3.php:0
[29-Dec-2017 17:30:12 UTC] PHP   2. animalsNewArray() /home/ubuntu/workspace/1.3/lesson_1_3.php:107
[29-Dec-2017 17:30:12 UTC] PHP   3. array_shift() /home/ubuntu/workspace/1.3/lesson_1_3.php:90
[29-Dec-2017 17:30:12 UTC] PHP Warning:  array_shift() expects parameter 1 to be array, null given in /home/ubuntu/workspace/1.3/lesson_1_3.php on line 90
[29-Dec-2017 17:30:12 UTC] PHP Stack trace:
[29-Dec-2017 17:30:12 UTC] PHP   1. {main}() /home/ubuntu/workspace/1.3/lesson_1_3.php:0
[29-Dec-2017 17:30:12 UTC] PHP   2. animalsNewArray() /home/ubuntu/workspace/1.3/lesson_1_3.php:107
[29-Dec-2017 17:30:12 UTC] PHP   3. array_shift() /home/ubuntu/workspace/1.3/lesson_1_3.php:90
[29-Dec-2017 17:30:12 UTC] PHP Warning:  array_shift() expects parameter 1 to be array, null given in /home/ubuntu/workspace/1.3/lesson_1_3.php on line 90
[29-Dec-2017 17:30:12 UTC] PHP Stack trace:
[29-Dec-2017 17:30:12 UTC] PHP   1. {main}() /home/ubuntu/workspace/1.3/lesson_1_3.php:0
[29-Dec-2017 17:30:12 UTC] PHP   2. animalsNewArray() /home/ubuntu/workspace/1.3/lesson_1_3.php:107
[29-Dec-2017 17:30:12 UTC] PHP   3. array_shift() /home/ubuntu/workspace/1.3/lesson_1_3.php:90
[29-Dec-2017 17:30:12 UTC] PHP Warning:  array_shift() expects parameter 1 to be array, null given in /home/ubuntu/workspace/1.3/lesson_1_3.php on line 90
[29-Dec-2017 17:30:12 UTC] PHP Stack trace:
[29-Dec-2017 17:30:12 UTC] PHP   1. {main}() /home/ubuntu/workspace/1.3/lesson_1_3.php:0
[29-Dec-2017 17:30:12 UTC] PHP   2. animalsNewArray() /home/ubuntu/workspace/1.3/lesson_1_3.php:107
[29-Dec-2017 17:30:12 UTC] PHP   3. array_shift() /home/ubuntu/workspace/1.3/lesson_1_3.php:90
[29-Dec-2017 17:30:12 UTC] PHP Warning:  array_shift() expects parameter 1 to be array, null given in /home/ubuntu/workspace/1.3/lesson_1_3.php on line 90
[29-Dec-2017 17:30:12 UTC] PHP Stack trace:
[29-Dec-2017 17:30:12 UTC] PHP   1. {main}() /home/ubuntu/workspace/1.3/lesson_1_3.php:0
[29-Dec-2017 17:30:12 UTC] PHP   2. animalsNewArray() /home/ubuntu/workspace/1.3/lesson_1_3.php:107
[29-Dec-2017 17:30:12 UTC] PHP   3. array_shift() /home/ubuntu/workspace/1.3/lesson_1_3.php:90
[29-Dec-2017 17:30:12 UTC] PHP Warning:  array_shift() expects parameter 1 to be array, null given in /home/ubuntu/workspace/1.3/lesson_1_3.php on line 90
[29-Dec-2017 17:30:12 UTC] PHP Stack trace:
[29-Dec-2017 17:30:12 UTC] PHP   1. {main}() /home/ubuntu/workspace/1.3/lesson_1_3.php:0
[29-Dec-2017 17:30:12 UTC] PHP   2. animalsNewArray() /home/ubuntu/workspace/1.3/lesson_1_3.php:107
[29-Dec-2017 17:30:12 UTC] PHP   3. array_shift() /home/ubuntu/workspace/1.3/lesson_1_3.php:90
[29-Dec-2017 17:30:12 UTC] PHP Warning:  array_shift() expects parameter 1 to be array, null given in /home/ubuntu/workspace/1.3/lesson_1_3.php on line 90
[29-Dec-2017 17:30:12 UTC] PHP Stack trace:
[29-Dec-2017 17:30:12 UTC] PHP   1. {main}() /home/ubuntu/workspace/1.3/lesson_1_3.php:0
[29-Dec-2017 17:30:12 UTC] PHP   2. animalsNewArray() /home/ubuntu/workspace/1.3/lesson_1_3.php:107
[29-Dec-2017 17:30:12 UTC] PHP   3. array_shift() /home/ubuntu/workspace/1.3/lesson_1_3.php:90
[29-Dec-2017 17:30:12 UTC] PHP Warning:  array_shift() expects parameter 1 to be array, null given in /home/ubuntu/workspace/1.3/lesson_1_3.php on line 90
[29-Dec-2017 17:30:12 UTC] PHP Stack trace:
[29-Dec-2017 17:30:12 UTC] PHP   1. {main}() /home/ubuntu/workspace/1.3/lesson_1_3.php:0
[29-Dec-2017 17:30:12 UTC] PHP   2. animalsNewArray() /home/ubuntu/workspace/1.3/lesson_1_3.php:107
[29-Dec-2017 17:30:12 UTC] PHP   3. array_shift() /home/ubuntu/workspace/1.3/lesson_1_3.php:90
[29-Dec-2017 17:31:07 UTC] PHP Warning:  array_shift() expects parameter 1 to be array, null given in /home/ubuntu/workspace/1.3/lesson_1_3.php on line 90
[29-Dec-2017 17:31:07 UTC] PHP Stack trace:
[29-Dec-2017 17:31:07 UTC] PHP   1. {main}() /home/ubuntu/workspace/1.3/lesson_1_3.php:0
[29-Dec-2017 17:31:07 UTC] PHP   2. animalsNewArray() /home/ubuntu/workspace/1.3/lesson_1_3.php:107
[29-Dec-2017 17:31:07 UTC] PHP   3. array_shift() /home/ubuntu/workspace/1.3/lesson_1_3.php:90
[29-Dec-2017 17:31:07 UTC] PHP Warning:  array_shift() expects parameter 1 to be array, null given in /home/ubuntu/workspace/1.3/lesson_1_3.php on line 90
[29-Dec-2017 17:31:07 UTC] PHP Stack trace:
[29-Dec-2017 17:31:07 UTC] PHP   1. {main}() /home/ubuntu/workspace/1.3/lesson_1_3.php:0
[29-Dec-2017 17:31:07 UTC] PHP   2. animalsNewArray() /home/ubuntu/workspace/1.3/lesson_1_3.php:107
[29-Dec-2017 17:31:07 UTC] PHP   3. array_shift() /home/ubuntu/workspace/1.3/lesson_1_3.php:90
[29-Dec-2017 17:31:07 UTC] PHP Warning:  array_shift() expects parameter 1 to be array, null given in /home/ubuntu/workspace/1.3/lesson_1_3.php on line 90
[29-Dec-2017 17:31:07 UTC] PHP Stack trace:
[29-Dec-2017 17:31:07 UTC] PHP   1. {main}() /home/ubuntu/workspace/1.3/lesson_1_3.php:0
[29-Dec-2017 17:31:07 UTC] PHP   2. animalsNewArray() /home/ubuntu/workspace/1.3/lesson_1_3.php:107
[29-Dec-2017 17:31:07 UTC] PHP   3. array_shift() /home/ubuntu/workspace/1.3/lesson_1_3.php:90
[29-Dec-2017 17:31:07 UTC] PHP Warning:  array_shift() expects parameter 1 to be array, null given in /home/ubuntu/workspace/1.3/lesson_1_3.php on line 90
[29-Dec-2017 17:31:07 UTC] PHP Stack trace:
[29-Dec-2017 17:31:07 UTC] PHP   1. {main}() /home/ubuntu/workspace/1.3/lesson_1_3.php:0
[29-Dec-2017 17:31:07 UTC] PHP   2. animalsNewArray() /home/ubuntu/workspace/1.3/lesson_1_3.php:107
[29-Dec-2017 17:31:07 UTC] PHP   3. array_shift() /home/ubuntu/workspace/1.3/lesson_1_3.php:90
[29-Dec-2017 17:31:07 UTC] PHP Warning:  array_shift() expects parameter 1 to be array, null given in /home/ubuntu/workspace/1.3/lesson_1_3.php on line 90
[29-Dec-2017 17:31:07 UTC] PHP Stack trace:
[29-Dec-2017 17:31:07 UTC] PHP   1. {main}() /home/ubuntu/workspace/1.3/lesson_1_3.php:0
[29-Dec-2017 17:31:07 UTC] PHP   2. animalsNewArray() /home/ubuntu/workspace/1.3/lesson_1_3.php:107
[29-Dec-2017 17:31:07 UTC] PHP   3. array_shift() /home/ubuntu/workspace/1.3/lesson_1_3.php:90
[29-Dec-2017 17:31:07 UTC] PHP Warning:  array_shift() expects parameter 1 to be array, null given in /home/ubuntu/workspace/1.3/lesson_1_3.php on line 90
[29-Dec-2017 17:31:07 UTC] PHP Stack trace:
[29-Dec-2017 17:31:07 UTC] PHP   1. {main}() /home/ubuntu/workspace/1.3/lesson_1_3.php:0
[29-Dec-2017 17:31:07 UTC] PHP   2. animalsNewArray() /home/ubuntu/workspace/1.3/lesson_1_3.php:107
[29-Dec-2017 17:31:07 UTC] PHP   3. array_shift() /home/ubuntu/workspace/1.3/lesson_1_3.php:90
[29-Dec-2017 17:31:07 UTC] PHP Warning:  array_shift() expects parameter 1 to be array, null given in /home/ubuntu/workspace/1.3/lesson_1_3.php on line 90
[29-Dec-2017 17:31:07 UTC] PHP Stack trace:
[29-Dec-2017 17:31:07 UTC] PHP   1. {main}() /home/ubuntu/workspace/1.3/lesson_1_3.php:0
[29-Dec-2017 17:31:07 UTC] PHP   2. animalsNewArray() /home/ubuntu/workspace/1.3/lesson_1_3.php:107
[29-Dec-2017 17:31:07 UTC] PHP   3. array_shift() /home/ubuntu/workspace/1.3/lesson_1_3.php:90
[29-Dec-2017 17:31:07 UTC] PHP Warning:  array_shift() expects parameter 1 to be array, null given in /home/ubuntu/workspace/1.3/lesson_1_3.php on line 90
[29-Dec-2017 17:31:07 UTC] PHP Stack trace:
[29-Dec-2017 17:31:07 UTC] PHP   1. {main}() /home/ubuntu/workspace/1.3/lesson_1_3.php:0
[29-Dec-2017 17:31:07 UTC] PHP   2. animalsNewArray() /home/ubuntu/workspace/1.3/lesson_1_3.php:107
[29-Dec-2017 17:31:07 UTC] PHP   3. array_shift() /home/ubuntu/workspace/1.3/lesson_1_3.php:90
[29-Dec-2017 17:31:07 UTC] PHP Warning:  array_shift() expects parameter 1 to be array, null given in /home/ubuntu/workspace/1.3/lesson_1_3.php on line 90
[29-Dec-2017 17:31:07 UTC] PHP Stack trace:
[29-Dec-2017 17:31:07 UTC] PHP   1. {main}() /home/ubuntu/workspace/1.3/lesson_1_3.php:0
[29-Dec-2017 17:31:07 UTC] PHP   2. animalsNewArray() /home/ubuntu/workspace/1.3/lesson_1_3.php:107
[29-Dec-2017 17:31:07 UTC] PHP   3. array_shift() /home/ubuntu/workspace/1.3/lesson_1_3.php:90
[29-Dec-2017 17:31:07 UTC] PHP Warning:  array_shift() expects parameter 1 to be array, null given in /home/ubuntu/workspace/1.3/lesson_1_3.php on line 90
[29-Dec-2017 17:31:07 UTC] PHP Stack trace:
[29-Dec-2017 17:31:07 UTC] PHP   1. {main}() /home/ubuntu/workspace/1.3/lesson_1_3.php:0
[29-Dec-2017 17:31:07 UTC] PHP   2. animalsNewArray() /home/ubuntu/workspace/1.3/lesson_1_3.php:107
[29-Dec-2017 17:31:07 UTC] PHP   3. array_shift() /home/ubuntu/workspace/1.3/lesson_1_3.php:90
[29-Dec-2017 17:31:07 UTC] PHP Warning:  array_shift() expects parameter 1 to be array, null given in /home/ubuntu/workspace/1.3/lesson_1_3.php on line 90
[29-Dec-2017 17:31:07 UTC] PHP Stack trace:
[29-Dec-2017 17:31:07 UTC] PHP   1. {main}() /home/ubuntu/workspace/1.3/lesson_1_3.php:0
[29-Dec-2017 17:31:07 UTC] PHP   2. animalsNewArray() /home/ubuntu/workspace/1.3/lesson_1_3.php:107
[29-Dec-2017 17:31:07 UTC] PHP   3. array_shift() /home/ubuntu/workspace/1.3/lesson_1_3.php:90
[29-Dec-2017 17:31:07 UTC] PHP Warning:  array_shift() expects parameter 1 to be array, null given in /home/ubuntu/workspace/1.3/lesson_1_3.php on line 90
[29-Dec-2017 17:31:07 UTC] PHP Stack trace:
[29-Dec-2017 17:31:07 UTC] PHP   1. {main}() /home/ubuntu/workspace/1.3/lesson_1_3.php:0
[29-Dec-2017 17:31:07 UTC] PHP   2. animalsNewArray() /home/ubuntu/workspace/1.3/lesson_1_3.php:107
[29-Dec-2017 17:31:07 UTC] PHP   3. array_shift() /home/ubuntu/workspace/1.3/lesson_1_3.php:90
[29-Dec-2017 17:31:07 UTC] PHP Warning:  array_shift() expects parameter 1 to be array, null given in /home/ubuntu/workspace/1.3/lesson_1_3.php on line 90
[29-Dec-2017 17:31:07 UTC] PHP Stack trace:
[29-Dec-2017 17:31:07 UTC] PHP   1. {main}() /home/ubuntu/workspace/1.3/lesson_1_3.php:0
[29-Dec-2017 17:31:07 UTC] PHP   2. animalsNewArray() /home/ubuntu/workspace/1.3/lesson_1_3.php:107
[29-Dec-2017 17:31:07 UTC] PHP   3. array_shift() /home/ubuntu/workspace/1.3/lesson_1_3.php:90
[29-Dec-2017 17:31:07 UTC] PHP Warning:  array_shift() expects parameter 1 to be array, null given in /home/ubuntu/workspace/1.3/lesson_1_3.php on line 90
[29-Dec-2017 17:31:07 UTC] PHP Stack trace:
[29-Dec-2017 17:31:07 UTC] PHP   1. {main}() /home/ubuntu/workspace/1.3/lesson_1_3.php:0
[29-Dec-2017 17:31:07 UTC] PHP   2. animalsNewArray() /home/ubuntu/workspace/1.3/lesson_1_3.php:107
[29-Dec-2017 17:31:07 UTC] PHP   3. array_shift() /home/ubuntu/workspace/1.3/lesson_1_3.php:90
[29-Dec-2017 17:31:07 UTC] PHP Warning:  array_shift() expects parameter 1 to be array, null given in /home/ubuntu/workspace/1.3/lesson_1_3.php on line 90
[29-Dec-2017 17:31:07 UTC] PHP Stack trace:
[29-Dec-2017 17:31:07 UTC] PHP   1. {main}() /home/ubuntu/workspace/1.3/lesson_1_3.php:0
[29-Dec-2017 17:31:07 UTC] PHP   2. animalsNewArray() /home/ubuntu/workspace/1.3/lesson_1_3.php:107
[29-Dec-2017 17:31:07 UTC] PHP   3. array_shift() /home/ubuntu/workspace/1.3/lesson_1_3.php:90
[29-Dec-2017 17:39:53 UTC] PHP Warning:  array_shift() expects parameter 1 to be array, null given in /home/ubuntu/workspace/1.3/lesson_1_3.php on line 95
[29-Dec-2017 17:39:53 UTC] PHP Stack trace:
[29-Dec-2017 17:39:53 UTC] PHP   1. {main}() /home/ubuntu/workspace/1.3/lesson_1_3.php:0
[29-Dec-2017 17:39:53 UTC] PHP   2. animalsNewArray() /home/ubuntu/workspace/1.3/lesson_1_3.php:112
[29-Dec-2017 17:39:53 UTC] PHP   3. array_shift() /home/ubuntu/workspace/1.3/lesson_1_3.php:95
[29-Dec-2017 17:39:53 UTC] PHP Warning:  array_shift() expects parameter 1 to be array, null given in /home/ubuntu/workspace/1.3/lesson_1_3.php on line 95
[29-Dec-2017 17:39:53 UTC] PHP Stack trace:
[29-Dec-2017 17:39:53 UTC] PHP   1. {main}() /home/ubuntu/workspace/1.3/lesson_1_3.php:0
[29-Dec-2017 17:39:53 UTC] PHP   2. animalsNewArray() /home/ubuntu/workspace/1.3/lesson_1_3.php:112
[29-Dec-2017 17:39:53 UTC] PHP   3. array_shift() /home/ubuntu/workspace/1.3/lesson_1_3.php:95
[29-Dec-2017 17:39:53 UTC] PHP Warning:  array_shift() expects parameter 1 to be array, null given in /home/ubuntu/workspace/1.3/lesson_1_3.php on line 95
[29-Dec-2017 17:39:53 UTC] PHP Stack trace:
[29-Dec-2017 17:39:53 UTC] PHP   1. {main}() /home/ubuntu/workspace/1.3/lesson_1_3.php:0
[29-Dec-2017 17:39:53 UTC] PHP   2. animalsNewArray() /home/ubuntu/workspace/1.3/lesson_1_3.php:112
[29-Dec-2017 17:39:53 UTC] PHP   3. array_shift() /home/ubuntu/workspace/1.3/lesson_1_3.php:95
[29-Dec-2017 17:39:53 UTC] PHP Warning:  array_shift() expects parameter 1 to be array, null given in /home/ubuntu/workspace/1.3/lesson_1_3.php on line 95
[29-Dec-2017 17:39:53 UTC] PHP Stack trace:
[29-Dec-2017 17:39:53 UTC] PHP   1. {main}() /home/ubuntu/workspace/1.3/lesson_1_3.php:0
[29-Dec-2017 17:39:53 UTC] PHP   2. animalsNewArray() /home/ubuntu/workspace/1.3/lesson_1_3.php:112
[29-Dec-2017 17:39:53 UTC] PHP   3. array_shift() /home/ubuntu/workspace/1.3/lesson_1_3.php:95
[29-Dec-2017 17:39:53 UTC] PHP Warning:  array_shift() expects parameter 1 to be array, null given in /home/ubuntu/workspace/1.3/lesson_1_3.php on line 95
[29-Dec-2017 17:39:53 UTC] PHP Stack trace:
[29-Dec-2017 17:39:53 UTC] PHP   1. {main}() /home/ubuntu/workspace/1.3/lesson_1_3.php:0
[29-Dec-2017 17:39:53 UTC] PHP   2. animalsNewArray() /home/ubuntu/workspace/1.3/lesson_1_3.php:112
[29-Dec-2017 17:39:53 UTC] PHP   3. array_shift() /home/ubuntu/workspace/1.3/lesson_1_3.php:95
[29-Dec-2017 17:39:53 UTC] PHP Warning:  array_shift() expects parameter 1 to be array, null given in /home/ubuntu/workspace/1.3/lesson_1_3.php on line 95
[29-Dec-2017 17:39:53 UTC] PHP Stack trace:
[29-Dec-2017 17:39:53 UTC] PHP   1. {main}() /home/ubuntu/workspace/1.3/lesson_1_3.php:0
[29-Dec-2017 17:39:53 UTC] PHP   2. animalsNewArray() /home/ubuntu/workspace/1.3/lesson_1_3.php:112
[29-Dec-2017 17:39:53 UTC] PHP   3. array_shift() /home/ubuntu/workspace/1.3/lesson_1_3.php:95
[29-Dec-2017 17:39:53 UTC] PHP Warning:  array_shift() expects parameter 1 to be array, null given in /home/ubuntu/workspace/1.3/lesson_1_3.php on line 95
[29-Dec-2017 17:39:53 UTC] PHP Stack trace:
[29-Dec-2017 17:39:53 UTC] PHP   1. {main}() /home/ubuntu/workspace/1.3/lesson_1_3.php:0
[29-Dec-2017 17:39:53 UTC] PHP   2. animalsNewArray() /home/ubuntu/workspace/1.3/lesson_1_3.php:112
[29-Dec-2017 17:39:53 UTC] PHP   3. array_shift() /home/ubuntu/workspace/1.3/lesson_1_3.php:95
[29-Dec-2017 17:39:53 UTC] PHP Warning:  array_shift() expects parameter 1 to be array, null given in /home/ubuntu/workspace/1.3/lesson_1_3.php on line 95
[29-Dec-2017 17:39:53 UTC] PHP Stack trace:
[29-Dec-2017 17:39:53 UTC] PHP   1. {main}() /home/ubuntu/workspace/1.3/lesson_1_3.php:0
[29-Dec-2017 17:39:53 UTC] PHP   2. animalsNewArray() /home/ubuntu/workspace/1.3/lesson_1_3.php:112
[29-Dec-2017 17:39:53 UTC] PHP   3. array_shift() /home/ubuntu/workspace/1.3/lesson_1_3.php:95
[29-Dec-2017 17:39:53 UTC] PHP Warning:  array_shift() expects parameter 1 to be array, null given in /home/ubuntu/workspace/1.3/lesson_1_3.php on line 95
[29-Dec-2017 17:39:53 UTC] PHP Stack trace:
[29-Dec-2017 17:39:53 UTC] PHP   1. {main}() /home/ubuntu/workspace/1.3/lesson_1_3.php:0
[29-Dec-2017 17:39:53 UTC] PHP   2. animalsNewArray() /home/ubuntu/workspace/1.3/lesson_1_3.php:112
[29-Dec-2017 17:39:53 UTC] PHP   3. array_shift() /home/ubuntu/workspace/1.3/lesson_1_3.php:95
[29-Dec-2017 17:39:53 UTC] PHP Warning:  array_shift() expects parameter 1 to be array, null given in /home/ubuntu/workspace/1.3/lesson_1_3.php on line 95
[29-Dec-2017 17:39:53 UTC] PHP Stack trace:
[29-Dec-2017 17:39:53 UTC] PHP   1. {main}() /home/ubuntu/workspace/1.3/lesson_1_3.php:0
[29-Dec-2017 17:39:53 UTC] PHP   2. animalsNewArray() /home/ubuntu/workspace/1.3/lesson_1_3.php:112
[29-Dec-2017 17:39:53 UTC] PHP   3. array_shift() /home/ubuntu/workspace/1.3/lesson_1_3.php:95
[29-Dec-2017 17:39:53 UTC] PHP Warning:  array_shift() expects parameter 1 to be array, null given in /home/ubuntu/workspace/1.3/lesson_1_3.php on line 95
[29-Dec-2017 17:39:53 UTC] PHP Stack trace:
[29-Dec-2017 17:39:53 UTC] PHP   1. {main}() /home/ubuntu/workspace/1.3/lesson_1_3.php:0
[29-Dec-2017 17:39:53 UTC] PHP   2. animalsNewArray() /home/ubuntu/workspace/1.3/lesson_1_3.php:112
[29-Dec-2017 17:39:53 UTC] PHP   3. array_shift() /home/ubuntu/workspace/1.3/lesson_1_3.php:95
[29-Dec-2017 17:39:53 UTC] PHP Warning:  array_shift() expects parameter 1 to be array, null given in /home/ubuntu/workspace/1.3/lesson_1_3.php on line 95
[29-Dec-2017 17:39:53 UTC] PHP Stack trace:
[29-Dec-2017 17:39:53 UTC] PHP   1. {main}() /home/ubuntu/workspace/1.3/lesson_1_3.php:0
[29-Dec-2017 17:39:53 UTC] PHP   2. animalsNewArray() /home/ubuntu/workspace/1.3/lesson_1_3.php:112
[29-Dec-2017 17:39:53 UTC] PHP   3. array_shift() /home/ubuntu/workspace/1.3/lesson_1_3.php:95
[29-Dec-2017 17:39:53 UTC] PHP Warning:  array_shift() expects parameter 1 to be array, null given in /home/ubuntu/workspace/1.3/lesson_1_3.php on line 95
[29-Dec-2017 17:39:53 UTC] PHP Stack trace:
[29-Dec-2017 17:39:53 UTC] PHP   1. {main}() /home/ubuntu/workspace/1.3/lesson_1_3.php:0
[29-Dec-2017 17:39:53 UTC] PHP   2. animalsNewArray() /home/ubuntu/workspace/1.3/lesson_1_3.php:112
[29-Dec-2017 17:39:53 UTC] PHP   3. array_shift() /home/ubuntu/workspace/1.3/lesson_1_3.php:95
[29-Dec-2017 17:39:53 UTC] PHP Warning:  array_shift() expects parameter 1 to be array, null given in /home/ubuntu/workspace/1.3/lesson_1_3.php on line 95
[29-Dec-2017 17:39:53 UTC] PHP Stack trace:
[29-Dec-2017 17:39:53 UTC] PHP   1. {main}() /home/ubuntu/workspace/1.3/lesson_1_3.php:0
[29-Dec-2017 17:39:53 UTC] PHP   2. animalsNewArray() /home/ubuntu/workspace/1.3/lesson_1_3.php:112
[29-Dec-2017 17:39:53 UTC] PHP   3. array_shift() /home/ubuntu/workspace/1.3/lesson_1_3.php:95
[29-Dec-2017 17:39:53 UTC] PHP Warning:  array_shift() expects parameter 1 to be array, null given in /home/ubuntu/workspace/1.3/lesson_1_3.php on line 95
[29-Dec-2017 17:39:53 UTC] PHP Stack trace:
[29-Dec-2017 17:39:53 UTC] PHP   1. {main}() /home/ubuntu/workspace/1.3/lesson_1_3.php:0
[29-Dec-2017 17:39:53 UTC] PHP   2. animalsNewArray() /home/ubuntu/workspace/1.3/lesson_1_3.php:112
[29-Dec-2017 17:39:53 UTC] PHP   3. array_shift() /home/ubuntu/workspace/1.3/lesson_1_3.php:95
[30-Dec-2017 07:50:57 UTC] PHP Parse error:  syntax error, unexpected '<' in /home/ubuntu/workspace/1.3/lesson_1_3.php on line 116
[30-Dec-2017 07:51:12 UTC] PHP Parse error:  syntax error, unexpected '<' in /home/ubuntu/workspace/1.3/lesson_1_3.php on line 117
[30-Dec-2017 07:55:14 UTC] PHP Parse error:  syntax error, unexpected 'Информация' (T_STRING) in /home/ubuntu/workspace/1.3/lesson_1_3.php on line 116
[30-Dec-2017 07:55:50 UTC] PHP Parse error:  syntax error, unexpected ''<p>'' (T_CONSTANT_ENCAPSED_STRING) in /home/ubuntu/workspace/1.3/lesson_1_3.php on line 117
[30-Dec-2017 08:25:58 UTC] PHP Warning:  Invalid argument supplied for foreach() in /home/ubuntu/workspace/1.3/lesson_1_3.php on line 47
[30-Dec-2017 08:25:58 UTC] PHP Stack trace:
[30-Dec-2017 08:25:58 UTC] PHP   1. {main}() /home/ubuntu/workspace/1.3/lesson_1_3.php:0
[30-Dec-2017 08:25:58 UTC] PHP   2. anatinusTwoWordsOnly() /home/ubuntu/workspace/1.3/lesson_1_3.php:66
[30-Dec-2017 08:25:58 UTC] PHP Warning:  Invalid argument supplied for foreach() in /home/ubuntu/workspace/1.3/lesson_1_3.php on line 75
[30-Dec-2017 08:25:58 UTC] PHP Stack trace:
[30-Dec-2017 08:25:58 UTC] PHP   1. {main}() /home/ubuntu/workspace/1.3/lesson_1_3.php:0
[30-Dec-2017 08:25:58 UTC] PHP   2. animalsNewArray() /home/ubuntu/workspace/1.3/lesson_1_3.php:103
[30-Dec-2017 08:25:58 UTC] PHP Warning:  shuffle() expects parameter 1 to be array, null given in /home/ubuntu/workspace/1.3/lesson_1_3.php on line 83
[30-Dec-2017 08:25:58 UTC] PHP Stack trace:
[30-Dec-2017 08:25:58 UTC] PHP   1. {main}() /home/ubuntu/workspace/1.3/lesson_1_3.php:0
[30-Dec-2017 08:25:58 UTC] PHP   2. animalsNewArray() /home/ubuntu/workspace/1.3/lesson_1_3.php:103
[30-Dec-2017 08:25:58 UTC] PHP   3. shuffle() /home/ubuntu/workspace/1.3/lesson_1_3.php:83
[30-Dec-2017 08:25:58 UTC] PHP Warning:  Invalid argument supplied for foreach() in /home/ubuntu/workspace/1.3/lesson_1_3.php on line 88
[30-Dec-2017 08:25:58 UTC] PHP Stack trace:
[30-Dec-2017 08:25:58 UTC] PHP   1. {main}() /home/ubuntu/workspace/1.3/lesson_1_3.php:0
[30-Dec-2017 08:25:58 UTC] PHP   2. animalsNewArray() /home/ubuntu/workspace/1.3/lesson_1_3.php:103
[30-Dec-2017 08:25:58 UTC] PHP Warning:  Invalid argument supplied for foreach() in /home/ubuntu/workspace/1.3/lesson_1_3.php on line 114
[30-Dec-2017 08:25:58 UTC] PHP Stack trace:
[30-Dec-2017 08:25:58 UTC] PHP   1. {main}() /home/ubuntu/workspace/1.3/lesson_1_3.php:0
[30-Dec-2017 11:49:37 UTC] PHP Warning:  Invalid argument supplied for foreach() in /home/ubuntu/workspace/1.3/lesson_1_3.php on line 62
[30-Dec-2017 11:49:37 UTC] PHP Stack trace:
[30-Dec-2017 11:49:37 UTC] PHP   1. {main}() /home/ubuntu/workspace/1.3/lesson_1_3.php:0
[30-Dec-2017 11:49:37 UTC] PHP   2. animalsNewArray() /home/ubuntu/workspace/1.3/lesson_1_3.php:101
[30-Dec-2017 11:49:37 UTC] PHP Warning:  shuffle() expects parameter 1 to be array, null given in /home/ubuntu/workspace/1.3/lesson_1_3.php on line 69
[30-Dec-2017 11:49:37 UTC] PHP Stack trace:
[30-Dec-2017 11:49:37 UTC] PHP   1. {main}() /home/ubuntu/workspace/1.3/lesson_1_3.php:0
[30-Dec-2017 11:49:37 UTC] PHP   2. animalsNewArray() /home/ubuntu/workspace/1.3/lesson_1_3.php:101
[30-Dec-2017 11:49:37 UTC] PHP   3. shuffle() /home/ubuntu/workspace/1.3/lesson_1_3.php:69
[30-Dec-2017 11:49:37 UTC] PHP Warning:  Invalid argument supplied for foreach() in /home/ubuntu/workspace/1.3/lesson_1_3.php on line 73
[30-Dec-2017 11:49:37 UTC] PHP Stack trace:
[30-Dec-2017 11:49:37 UTC] PHP   1. {main}() /home/ubuntu/workspace/1.3/lesson_1_3.php:0
[30-Dec-2017 11:49:37 UTC] PHP   2. animalsNewArray() /home/ubuntu/workspace/1.3/lesson_1_3.php:101
[30-Dec-2017 11:49:37 UTC] PHP Warning:  Invalid argument supplied for foreach() in /home/ubuntu/workspace/1.3/lesson_1_3.php on line 108
[30-Dec-2017 11:49:37 UTC] PHP Stack trace:
[30-Dec-2017 11:49:37 UTC] PHP   1. {main}() /home/ubuntu/workspace/1.3/lesson_1_3.php:0
[30-Dec-2017 11:49:58 UTC] PHP Fatal error:  Function name must be a string in /home/ubuntu/workspace/1.3/lesson_1_3.php on line 98
[30-Dec-2017 11:49:58 UTC] PHP Stack trace:
[30-Dec-2017 11:49:58 UTC] PHP   1. {main}() /home/ubuntu/workspace/1.3/lesson_1_3.php:0
